\BOOKMARK [0][-]{chapter.1}{\376\377\000I\000n\000t\000r\000o\000d\000u\000c\000c\000i\000\363\000n}{}% 1
\BOOKMARK [1][-]{section.1.1}{\376\377\000C\000o\000n\000t\000e\000x\000t\000o\000\040\000s\000o\000c\000i\000a\000l}{chapter.1}% 2
\BOOKMARK [1][-]{section.1.2}{\376\377\000P\000l\000a\000n\000t\000e\000a\000m\000i\000e\000n\000t\000o\000\040\000d\000e\000l\000\040\000p\000r\000o\000b\000l\000e\000m\000a}{chapter.1}% 3
\BOOKMARK [1][-]{section.1.3}{\376\377\000J\000u\000s\000t\000i\000f\000i\000c\000a\000c\000i\000\363\000n}{chapter.1}% 4
\BOOKMARK [1][-]{section.1.4}{\376\377\000P\000r\000e\000g\000u\000n\000t\000a\000\040\000d\000e\000\040\000i\000n\000v\000e\000s\000t\000i\000g\000a\000c\000i\000\363\000n}{chapter.1}% 5
\BOOKMARK [2][-]{subsection.1.4.1}{\376\377\000H\000i\000p\000\363\000t\000e\000s\000i\000s}{section.1.4}% 6
\BOOKMARK [1][-]{section.1.5}{\376\377\000O\000b\000j\000e\000t\000i\000v\000o\000s}{chapter.1}% 7
\BOOKMARK [2][-]{subsection.1.5.1}{\376\377\000O\000b\000j\000e\000t\000i\000v\000o\000\040\000g\000e\000n\000e\000r\000a\000l}{section.1.5}% 8
\BOOKMARK [2][-]{subsection.1.5.2}{\376\377\000O\000b\000j\000e\000t\000i\000v\000o\000s\000\040\000e\000s\000p\000e\000c\000\355\000f\000i\000c\000o\000s}{section.1.5}% 9
\BOOKMARK [0][-]{chapter.2}{\376\377\000E\000s\000t\000a\000d\000o\000\040\000d\000e\000l\000\040\000a\000r\000t\000e}{}% 10
\BOOKMARK [1][-]{section.2.1}{\376\377\000P\000a\000r\000a\000d\000i\000g\000m\000a\000s\000\040\000m\000o\000d\000e\000r\000n\000o\000s\000\040\000e\000n\000\040\000l\000a\000\040\000r\000e\000p\000r\000e\000s\000e\000n\000t\000a\000c\000i\000\363\000n\000\040\000d\000e\000l\000\040\000e\000s\000p\000a\000c\000i\000o\000\040\000d\000e\000\040\000b\000\372\000s\000q\000u\000e\000d\000a}{chapter.2}% 11
\BOOKMARK [2][-]{subsection.2.1.1}{\376\377\000D\000e\000\040\000l\000a\000\040\000n\000u\000b\000e\000\040\000d\000e\000\040\000p\000u\000n\000t\000o\000s\000\040\000a\000\040\000l\000a\000\040\000v\000a\000r\000i\000e\000d\000a\000d\000\040\000T\000o\000p\000o\000l\000\363\000g\000i\000c\000a\000\040\000\050\000T\000n\000\051}{section.2.1}% 12
\BOOKMARK [2][-]{subsection.2.1.2}{\376\377\000M\000a\000p\000e\000o\000\040\000d\000e\000\040\000o\000b\000s\000t\000\341\000c\000u\000l\000o\000s\000\040\000m\000e\000d\000i\000a\000n\000t\000e\000\040\000g\000e\000o\000m\000e\000t\000r\000\355\000a\000s\000\040\000c\000o\000n\000v\000e\000x\000a\000s}{section.2.1}% 13
\BOOKMARK [1][-]{section.2.2}{\376\377\000A\000n\000\341\000l\000i\000s\000i\000s\000\040\000c\000o\000m\000p\000a\000r\000a\000t\000i\000v\000o\000\040\000d\000e\000\040\000a\000l\000g\000o\000r\000i\000t\000m\000o\000s\000\040\000e\000n\000\040\000e\000s\000p\000a\000c\000i\000o\000s\000\040\000d\000e\000\040\000c\000o\000n\000f\000i\000g\000u\000r\000a\000c\000i\000\363\000n\000\040\000\050\000C\000\051}{chapter.2}% 14
\BOOKMARK [2][-]{subsection.2.2.1}{\376\377\000E\000l\000\040\000p\000u\000e\000n\000t\000e\000\040\000a\000l\000g\000o\000r\000\355\000t\000m\000i\000c\000o\000:\000\040\000H\000o\000m\000o\000t\000o\000p\000\355\000a\000\040\000p\000a\000r\000a\000\040\000e\000v\000a\000d\000i\000r\000\040\000c\000o\000l\000i\000s\000i\000o\000n\000e\000s\000\040\000d\000i\000n\000\341\000m\000i\000c\000a\000s}{section.2.2}% 15
\BOOKMARK [2][-]{subsection.2.2.2}{\376\377\000E\000f\000i\000c\000i\000e\000n\000c\000i\000a\000\040\000c\000o\000m\000p\000u\000t\000a\000c\000i\000o\000n\000a\000l\000:\000\040\000A\000*\000\040\000f\000r\000e\000n\000t\000e\000\040\000a\000\040\000R\000R\000T\000\040\000e\000n\000\040\000v\000a\000r\000i\000e\000d\000a\000d\000e\000s}{section.2.2}% 16
\BOOKMARK [2][-]{subsection.2.2.3}{\376\377\000A\000l\000g\000o\000r\000i\000t\000m\000o\000s\000\040\000d\000e\000\040\000v\000a\000n\000g\000u\000a\000r\000d\000i\000a\000\040\000e\000n\000\040\000a\000l\000t\000a\000\040\000d\000i\000m\000e\000n\000s\000i\000o\000n\000a\000l\000i\000d\000a\000d}{section.2.2}% 17
\BOOKMARK [1][-]{section.2.3}{\376\377\000D\000e\000m\000o\000c\000r\000a\000t\000i\000z\000a\000c\000i\000\363\000n\000\040\000d\000e\000l\000\040\000h\000a\000r\000d\000w\000a\000r\000e\000\040\000y\000\040\000g\000e\000m\000e\000l\000o\000s\000\040\000d\000i\000g\000i\000t\000a\000l\000e\000s}{chapter.2}% 18
\BOOKMARK [2][-]{subsection.2.3.1}{\376\377\000D\000e\000m\000o\000c\000r\000a\000t\000i\000z\000a\000c\000i\000\363\000n\000\040\000m\000e\000d\000i\000a\000n\000t\000e\000\040\000b\000a\000j\000o\000\040\000c\000o\000s\000t\000o\000\040\000y\000\040\000s\000u\000\040\000v\000a\000c\000\355\000o\000\040\000p\000e\000d\000a\000g\000\363\000g\000i\000c\000o}{section.2.3}% 19
\BOOKMARK [2][-]{subsection.2.3.2}{\376\377\000C\000e\000r\000r\000a\000n\000d\000o\000\040\000e\000l\000\040\000r\000e\000a\000l\000i\000t\000y\000\040\000g\000a\000p\000\040\000y\000\040\000a\000s\000e\000g\000u\000r\000a\000n\000d\000o\000\040\000l\000a\000\040\000r\000e\000p\000r\000o\000d\000u\000c\000i\000b\000i\000l\000i\000d\000a\000d}{section.2.3}% 20
\BOOKMARK [1][-]{section.2.4}{\376\377\000S\000\355\000n\000t\000e\000s\000i\000s\000\040\000y\000\040\000b\000r\000e\000c\000h\000a\000\040\000d\000e\000\040\000i\000n\000v\000e\000s\000t\000i\000g\000a\000c\000i\000\363\000n}{chapter.2}% 21
\BOOKMARK [0][-]{chapter.3}{\376\377\000M\000a\000r\000c\000o\000\040\000t\000e\000\363\000r\000i\000c\000o}{}% 22
\BOOKMARK [1][-]{section.3.1}{\376\377\000F\000u\000n\000d\000a\000m\000e\000n\000t\000o\000s\000\040\000d\000e\000\040\000l\000a\000\040\000r\000o\000b\000\363\000t\000i\000c\000a\000\040\000t\000o\000p\000o\000l\000\363\000g\000i\000c\000a}{chapter.3}% 23
\BOOKMARK [2][-]{subsection.3.1.1}{\376\377\000E\000s\000p\000a\000c\000i\000o\000s\000\040\000t\000o\000p\000o\000l\000\363\000g\000i\000c\000o\000s\000\040\000y\000\040\000v\000a\000r\000i\000e\000d\000a\000d\000e\000s\000\040\000d\000i\000f\000e\000r\000e\000n\000c\000i\000a\000b\000l\000e\000s}{section.3.1}% 24
\BOOKMARK [2][-]{subsection.3.1.2}{\376\377\000C\000o\000n\000s\000t\000r\000u\000c\000c\000i\000\363\000n\000\040\000t\000o\000p\000o\000l\000\363\000g\000i\000c\000a\000\040\000d\000e\000l\000\040\000T\000o\000r\000o\000\040\000d\000e\000\040\000d\000i\000m\000e\000n\000s\000i\000\363\000n\000\040\000n\000\040\000\050\000T\000n\000\051}{section.3.1}% 25
\BOOKMARK [2][-]{subsection.3.1.3}{\376\377\000M\000\351\000t\000r\000i\000c\000a\000s\000\040\000e\000n\000\040\000v\000a\000r\000i\000e\000d\000a\000d\000e\000s\000\040\000y\000\040\000t\000o\000p\000o\000l\000o\000g\000\355\000a\000\040\000m\000\351\000t\000r\000i\000c\000a}{section.3.1}% 26
\BOOKMARK [1][-]{section.3.2}{\376\377\000G\000e\000o\000m\000e\000t\000r\000\355\000a\000\040\000d\000e\000l\000\040\000e\000s\000p\000a\000c\000i\000o\000\040\000d\000e\000\040\000e\000s\000t\000a\000d\000o\000s\000\040\000y\000\040\000c\000o\000n\000e\000c\000t\000i\000v\000i\000d\000a\000d}{chapter.3}% 27
\BOOKMARK [2][-]{subsection.3.2.1}{\376\377\000M\000a\000p\000e\000o\000\040\000d\000e\000l\000\040\000e\000s\000p\000a\000c\000i\000o\000\040\000d\000e\000\040\000t\000r\000a\000b\000a\000j\000o\000\040\000a\000l\000\040\000e\000s\000p\000a\000c\000i\000o\000\040\000d\000e\000\040\000c\000o\000n\000f\000i\000g\000u\000r\000a\000c\000i\000\363\000n\000\040\000\050\000C\000-\000S\000p\000a\000c\000e\000\051}{section.3.2}% 28
\BOOKMARK [2][-]{subsection.3.2.2}{\376\377\000T\000e\000o\000r\000\355\000a\000\040\000d\000e\000\040\000r\000e\000c\000u\000b\000r\000i\000m\000i\000e\000n\000t\000o\000s\000\040\000y\000\040\000a\000p\000r\000o\000x\000i\000m\000a\000c\000i\000\363\000n\000\040\000p\000o\000r\000\040\000b\000o\000l\000a\000s\000\040\000a\000b\000i\000e\000r\000t\000a\000s}{section.3.2}% 29
\BOOKMARK [2][-]{subsection.3.2.3}{\376\377\000C\000o\000n\000e\000c\000t\000i\000v\000i\000d\000a\000d\000\040\000p\000o\000r\000\040\000c\000a\000m\000i\000n\000o\000s\000\040\000e\000\040\000i\000n\000e\000s\000t\000a\000b\000i\000l\000i\000d\000a\000d\000e\000s\000\040\000t\000o\000p\000o\000l\000\363\000g\000i\000c\000a\000s}{section.3.2}% 30
\BOOKMARK [1][-]{section.3.3}{\376\377\000P\000l\000a\000n\000i\000f\000i\000c\000a\000c\000i\000\363\000n\000\040\000d\000e\000\040\000t\000r\000a\000y\000e\000c\000t\000o\000r\000i\000a\000s\000\040\000y\000\040\000a\000r\000q\000u\000i\000t\000e\000c\000t\000u\000r\000a\000\040\000a\000l\000g\000o\000r\000\355\000t\000m\000i\000c\000a\000\040\000e\000n\000\040\000R\000O\000S\0002}{chapter.3}% 31
\BOOKMARK [2][-]{subsection.3.3.1}{\376\377\000D\000i\000s\000c\000r\000e\000t\000i\000z\000a\000c\000i\000\363\000n\000\040\000d\000e\000\040\000l\000a\000\040\000v\000a\000r\000i\000e\000d\000a\000d\000\040\000y\000\040\000g\000r\000a\000f\000o\000s\000\040\000m\000\351\000t\000r\000i\000c\000o\000s}{section.3.3}% 32
\BOOKMARK [2][-]{subsection.3.3.2}{\376\377\000B\000\372\000s\000q\000u\000e\000d\000a\000\040\000d\000e\000t\000e\000r\000m\000i\000n\000i\000s\000t\000a\000:\000\040\000A\000l\000g\000o\000r\000i\000t\000m\000o\000\040\000A\000*\000\040\000e\000n\000\040\000e\000s\000p\000a\000c\000i\000o\000s\000\040\000n\000o\000\040\000e\000u\000c\000l\000i\000d\000i\000a\000n\000o\000s}{section.3.3}% 33
\BOOKMARK [2][-]{subsection.3.3.3}{\376\377\000B\000\372\000s\000q\000u\000e\000d\000a\000\040\000e\000s\000t\000o\000c\000\341\000s\000t\000i\000c\000a\000:\000\040\000A\000l\000g\000o\000r\000i\000t\000m\000o\000\040\000R\000R\000T\000\040\000y\000\040\000c\000o\000m\000p\000l\000e\000t\000i\000t\000u\000d\000\040\000p\000r\000o\000b\000a\000b\000i\000l\000\355\000s\000t\000i\000c\000a}{section.3.3}% 34
\BOOKMARK [2][-]{subsection.3.3.4}{\376\377\000I\000n\000t\000e\000g\000r\000a\000c\000i\000\363\000n\000\040\000y\000\040\000v\000i\000s\000u\000a\000l\000i\000z\000a\000c\000i\000\363\000n\000\040\000a\000l\000g\000o\000r\000\355\000t\000m\000i\000c\000a\000\040\000e\000n\000\040\000R\000V\000i\000z\0002}{section.3.3}% 35
\BOOKMARK [1][-]{section.3.4}{\376\377\000A\000n\000\341\000l\000i\000s\000i\000s\000\040\000d\000i\000f\000e\000r\000e\000n\000c\000i\000a\000l\000\040\000y\000\040\000s\000e\000g\000u\000r\000i\000d\000a\000d\000\040\000c\000i\000n\000e\000m\000\341\000t\000i\000c\000a}{chapter.3}% 36
\BOOKMARK [2][-]{subsection.3.4.1}{\376\377\000E\000l\000\040\000m\000a\000p\000a\000\040\000c\000i\000n\000e\000m\000\341\000t\000i\000c\000o\000\040\000c\000o\000m\000o\000\040\000a\000p\000l\000i\000c\000a\000c\000i\000\363\000n\000\040\000d\000i\000f\000e\000r\000e\000n\000c\000i\000a\000l}{section.3.4}% 37
\BOOKMARK [2][-]{subsection.3.4.2}{\376\377\000S\000i\000n\000g\000u\000l\000a\000r\000i\000d\000a\000d\000e\000s\000\040\000y\000\040\000e\000l\000\040\000t\000e\000o\000r\000e\000m\000a\000\040\000d\000e\000\040\000l\000a\000\040\000f\000u\000n\000c\000i\000\363\000n\000\040\000i\000n\000v\000e\000r\000s\000a}{section.3.4}% 38
\BOOKMARK [0][-]{chapter.4}{\376\377\000M\000e\000t\000o\000d\000o\000l\000o\000g\000\355\000a}{}% 39
\BOOKMARK [1][-]{section.4.1}{\376\377\000C\000a\000r\000a\000c\000t\000e\000r\000i\000z\000a\000c\000i\000\363\000n\000\040\000y\000\040\000c\000o\000n\000s\000t\000r\000u\000c\000c\000i\000\363\000n\000\040\000d\000e\000l\000\040\000m\000o\000d\000e\000l\000o\000\040\000U\000R\000D\000F}{chapter.4}% 40
\BOOKMARK [1][-]{section.4.2}{\376\377\000M\000o\000d\000e\000l\000a\000d\000o\000\040\000m\000a\000t\000e\000m\000\341\000t\000i\000c\000o\000\040\000d\000e\000l\000\040\000e\000s\000p\000a\000c\000i\000o\000\040\000t\000o\000p\000o\000l\000\363\000g\000i\000c\000o\000\040\000\050\000T\000n\000\051}{chapter.4}% 41
\BOOKMARK [1][-]{section.4.3}{\376\377\000A\000r\000q\000u\000i\000t\000e\000c\000t\000u\000r\000a\000\040\000y\000\040\000v\000i\000r\000t\000u\000a\000l\000i\000z\000a\000c\000i\000\363\000n\000\040\000p\000o\000r\000\040\000c\000o\000n\000t\000e\000n\000e\000d\000o\000r\000e\000s}{chapter.4}% 42
\BOOKMARK [1][-]{section.4.4}{\376\377\000I\000m\000p\000l\000e\000m\000e\000n\000t\000a\000c\000i\000\363\000n\000\040\000d\000e\000\040\000a\000l\000g\000o\000r\000i\000t\000m\000o\000s\000\040\000"\000c\000a\000j\000a\000\040\000b\000l\000a\000n\000c\000a\000"}{chapter.4}% 43
\BOOKMARK [1][-]{section.4.5}{\376\377\000P\000r\000o\000t\000o\000c\000o\000l\000o\000\040\000d\000e\000\040\000e\000v\000a\000l\000u\000a\000c\000i\000\363\000n\000\040\000y\000\040\000m\000\351\000t\000r\000i\000c\000a\000s\000\040\000d\000e\000\040\000d\000e\000s\000e\000m\000p\000e\000\361\000o}{chapter.4}% 44
\BOOKMARK [1][-]{section.4.6}{\376\377\000C\000r\000o\000n\000o\000g\000r\000a\000m\000a\000\040\000d\000e\000\040\000a\000c\000t\000i\000v\000i\000d\000a\000d\000e\000s}{chapter.4}% 45
\BOOKMARK [0][-]{chapter*.12}{\376\377\000R\000e\000f\000e\000r\000e\000n\000c\000i\000a\000s}{}% 46
